<?xml version="1.0" encoding="UTF-8"?>
<!-- Generated by org.testng.reporters.JUnitXMLReporter -->
<testsuite ignored="0" hostname="DESKTOP-RN9H6QU" failures="0" tests="10" name="FirstTest" time="5.056" errors="0" timestamp="2023-07-07T18:17:15 ICT">
  <testcase classname="com.api.auto.testcase.TC_API_Login" name="TC01_Validate200Ok" time="0.014"/>
  <testcase classname="com.api.auto.testcase.TC_API_Login" name="TC02_ValidateMessage" time="1.076"/>
  <testcase classname="com.api.auto.testcase.TC_API_Login" name="TC03_ValidateToken" time="0.041"/>
  <testcase classname="com.api.auto.testcase.TC_API_Login" name="TC04_ValidateUserType" time="0.022"/>
  <testcase classname="com.api.auto.testcase.TC_API_Login" name="TC05_ValidateAccount" time="0.04"/>
  <testcase classname="com.api.auto.testcase.TC_API_CreateWork" name="TC01_Validate201Created" time="0.006"/>
  <testcase classname="com.api.auto.testcase.TC_API_CreateWork" name="TC02_ValidateWorkId" time="0.023"/>
  <testcase classname="com.api.auto.testcase.TC_API_CreateWork" name="TC03_ValidateNameOfWorkMatched" time="0.019"/>
  <testcase classname="com.api.auto.testcase.TC_API_CreateWork" name="TC04_ValidateExperienceMatched" time="0.016"/>
  <testcase classname="com.api.auto.testcase.TC_API_CreateWork" name="TC05_ValidateEducationMatched" time="0.017"/>
</testsuite> <!-- FirstTest -->
