<?xml version="1.0" encoding="UTF-8"?>
<testsuite name="FirstTest"
           tests="5"
           failures="0"
           errors="0"
           skipped="0"
           time="0.081">
  <properties />
  
  
            <testcase name="TC03_ValidateNameOfWorkMatched" time="0.019" classname="com.api.auto.testcase.TC_API_CreateWork" />
                <testcase name="TC02_ValidateWorkId" time="0.023" classname="com.api.auto.testcase.TC_API_CreateWork" />
                <testcase name="TC01_Validate201Created" time="0.006" classname="com.api.auto.testcase.TC_API_CreateWork" />
                <testcase name="TC05_ValidateEducationMatched" time="0.017" classname="com.api.auto.testcase.TC_API_CreateWork" />
                <testcase name="TC04_ValidateExperienceMatched" time="0.016" classname="com.api.auto.testcase.TC_API_CreateWork" />
      
</testsuite>
